# Logfile created on 2012-06-28 01:18:37 -0700 by logger.rb/25413
REQUESTING PAGE: GET /dashboard with {} and HTTP headers {}
REQUESTING PAGE: GET /listings with {} and HTTP headers {"HTTP_REFERER"=>"/dashboard"}
REQUESTING PAGE: GET /dashboard with {} and HTTP headers {}
REQUESTING PAGE: GET /listings with {} and HTTP headers {"HTTP_REFERER"=>"/dashboard"}
REQUESTING PAGE: GET /dashboard with {} and HTTP headers {}
REQUESTING PAGE: GET /dashboard with {} and HTTP headers {}
REQUESTING PAGE: GET /listings with {} and HTTP headers {"HTTP_REFERER"=>"/dashboard"}
REQUESTING PAGE: GET /dashboard with {} and HTTP headers {}
REQUESTING PAGE: GET /profile with {} and HTTP headers {"HTTP_REFERER"=>"/dashboard"}
REQUESTING PAGE: GET /listings with {} and HTTP headers {"HTTP_REFERER"=>"/profile"}
REQUESTING PAGE: GET / with {} and HTTP headers {}
REQUESTING PAGE: GET //path_home with {} and HTTP headers {"HTTP_REFERER"=>"/"}
REQUESTING PAGE: GET /dashboard with {} and HTTP headers {}
REQUESTING PAGE: GET /profile with {} and HTTP headers {"HTTP_REFERER"=>"/dashboard"}
REQUESTING PAGE: GET /listings with {} and HTTP headers {"HTTP_REFERER"=>"/profile"}
REQUESTING PAGE: GET /dashboard with {} and HTTP headers {}
REQUESTING PAGE: GET /profile with {} and HTTP headers {"HTTP_REFERER"=>"/dashboard"}
REQUESTING PAGE: GET /listings with {} and HTTP headers {"HTTP_REFERER"=>"/profile"}
REQUESTING PAGE: GET /dashboard with {} and HTTP headers {}
REQUESTING PAGE: GET /profile with {} and HTTP headers {"HTTP_REFERER"=>"/dashboard"}
REQUESTING PAGE: GET /listings with {} and HTTP headers {"HTTP_REFERER"=>"/profile"}
REQUESTING PAGE: GET /dashboard with {} and HTTP headers {}
REQUESTING PAGE: GET /profile with {} and HTTP headers {"HTTP_REFERER"=>"/dashboard"}
REQUESTING PAGE: GET /listings with {} and HTTP headers {"HTTP_REFERER"=>"/profile"}
REQUESTING PAGE: GET /dashboard with {} and HTTP headers {}
REQUESTING PAGE: GET /profile with {} and HTTP headers {"HTTP_REFERER"=>"/dashboard"}
REQUESTING PAGE: GET /listings with {} and HTTP headers {"HTTP_REFERER"=>"/profile"}
REQUESTING PAGE: GET /dashboard with {} and HTTP headers {}
REQUESTING PAGE: GET /profile with {} and HTTP headers {"HTTP_REFERER"=>"/dashboard"}
REQUESTING PAGE: GET /listings with {} and HTTP headers {"HTTP_REFERER"=>"/profile"}
REQUESTING PAGE: GET /dashboard with {} and HTTP headers {}
REQUESTING PAGE: GET /profile with {} and HTTP headers {"HTTP_REFERER"=>"/dashboard"}
REQUESTING PAGE: GET /listings with {} and HTTP headers {"HTTP_REFERER"=>"/profile"}
REQUESTING PAGE: GET /dashboard with {} and HTTP headers {}
REQUESTING PAGE: GET /profile with {} and HTTP headers {"HTTP_REFERER"=>"/dashboard"}
REQUESTING PAGE: GET /listings with {} and HTTP headers {"HTTP_REFERER"=>"/profile"}
REQUESTING PAGE: GET /dashboard with {} and HTTP headers {}
REQUESTING PAGE: GET /profile with {} and HTTP headers {"HTTP_REFERER"=>"/dashboard"}
REQUESTING PAGE: GET /listings with {} and HTTP headers {"HTTP_REFERER"=>"/profile"}
REQUESTING PAGE: GET /dashboard with {} and HTTP headers {}
REQUESTING PAGE: GET /profile with {} and HTTP headers {"HTTP_REFERER"=>"/dashboard"}
REQUESTING PAGE: GET /listings with {} and HTTP headers {"HTTP_REFERER"=>"/profile"}
REQUESTING PAGE: GET /dashboard with {} and HTTP headers {}
REQUESTING PAGE: GET /profile with {} and HTTP headers {"HTTP_REFERER"=>"/dashboard"}
REQUESTING PAGE: GET /listings with {} and HTTP headers {"HTTP_REFERER"=>"/profile"}
REQUESTING PAGE: GET /dashboard with {} and HTTP headers {}
REQUESTING PAGE: GET /profile with {} and HTTP headers {"HTTP_REFERER"=>"/dashboard"}
REQUESTING PAGE: GET /listings with {} and HTTP headers {"HTTP_REFERER"=>"/profile"}
REQUESTING PAGE: GET /dashboard with {} and HTTP headers {}
REQUESTING PAGE: GET /profile with {} and HTTP headers {"HTTP_REFERER"=>"/dashboard"}
REQUESTING PAGE: GET /listings with {} and HTTP headers {"HTTP_REFERER"=>"/profile"}
REQUESTING PAGE: GET /dashboard with {} and HTTP headers {}
REQUESTING PAGE: GET /profile with {} and HTTP headers {"HTTP_REFERER"=>"/dashboard"}
REQUESTING PAGE: GET /listings with {} and HTTP headers {"HTTP_REFERER"=>"/profile"}
REQUESTING PAGE: GET /dashboard with {} and HTTP headers {}
REQUESTING PAGE: GET /profile with {} and HTTP headers {"HTTP_REFERER"=>"/dashboard"}
REQUESTING PAGE: GET /listings with {} and HTTP headers {"HTTP_REFERER"=>"/profile"}
REQUESTING PAGE: GET /dashboard with {} and HTTP headers {}
REQUESTING PAGE: GET /profile with {} and HTTP headers {"HTTP_REFERER"=>"/dashboard"}
REQUESTING PAGE: GET /listings with {} and HTTP headers {"HTTP_REFERER"=>"/profile"}
REQUESTING PAGE: GET /dashboard with {} and HTTP headers {}
REQUESTING PAGE: GET /profile with {} and HTTP headers {"HTTP_REFERER"=>"/dashboard"}
REQUESTING PAGE: GET /listings with {} and HTTP headers {"HTTP_REFERER"=>"/profile"}
REQUESTING PAGE: GET /dashboard with {} and HTTP headers {}
REQUESTING PAGE: GET /profile with {} and HTTP headers {"HTTP_REFERER"=>"/dashboard"}
REQUESTING PAGE: GET /listings with {} and HTTP headers {"HTTP_REFERER"=>"/profile"}
REQUESTING PAGE: GET /dashboard with {} and HTTP headers {}
REQUESTING PAGE: GET /profile with {} and HTTP headers {"HTTP_REFERER"=>"/dashboard"}
REQUESTING PAGE: GET /listings with {} and HTTP headers {"HTTP_REFERER"=>"/profile"}
REQUESTING PAGE: GET /dashboard with {} and HTTP headers {}
REQUESTING PAGE: GET /profile with {} and HTTP headers {"HTTP_REFERER"=>"/dashboard"}
REQUESTING PAGE: GET /listings with {} and HTTP headers {"HTTP_REFERER"=>"/profile"}
REQUESTING PAGE: GET /dashboard with {} and HTTP headers {}
REQUESTING PAGE: GET /profile with {} and HTTP headers {"HTTP_REFERER"=>"/dashboard"}
REQUESTING PAGE: GET /listings with {} and HTTP headers {"HTTP_REFERER"=>"/profile"}
REQUESTING PAGE: GET /dashboard with {} and HTTP headers {}
REQUESTING PAGE: GET /profile with {} and HTTP headers {"HTTP_REFERER"=>"/dashboard"}
REQUESTING PAGE: GET /listings with {} and HTTP headers {"HTTP_REFERER"=>"/profile"}
REQUESTING PAGE: GET /dashboard with {} and HTTP headers {}
REQUESTING PAGE: GET /profile with {} and HTTP headers {"HTTP_REFERER"=>"/dashboard"}
REQUESTING PAGE: GET /listings with {} and HTTP headers {"HTTP_REFERER"=>"/profile"}
REQUESTING PAGE: GET /dashboard with {} and HTTP headers {}
REQUESTING PAGE: GET /profile with {} and HTTP headers {"HTTP_REFERER"=>"/dashboard"}
REQUESTING PAGE: GET /listings with {} and HTTP headers {"HTTP_REFERER"=>"/profile"}
REQUESTING PAGE: GET /dashboard with {} and HTTP headers {}
REQUESTING PAGE: GET /profile with {} and HTTP headers {"HTTP_REFERER"=>"/dashboard"}
REQUESTING PAGE: GET /listings with {} and HTTP headers {"HTTP_REFERER"=>"/profile"}
REQUESTING PAGE: GET /dashboard with {} and HTTP headers {}
REQUESTING PAGE: GET /profile with {} and HTTP headers {"HTTP_REFERER"=>"/dashboard"}
REQUESTING PAGE: GET /listings with {} and HTTP headers {"HTTP_REFERER"=>"/profile"}
REQUESTING PAGE: GET / with {} and HTTP headers {}
REQUESTING PAGE: GET //signup with {} and HTTP headers {"HTTP_REFERER"=>"/"}
REQUESTING PAGE: GET /dashboard with {} and HTTP headers {}
REQUESTING PAGE: GET /profile with {} and HTTP headers {"HTTP_REFERER"=>"/dashboard"}
REQUESTING PAGE: GET /listings with {} and HTTP headers {"HTTP_REFERER"=>"/profile"}
REQUESTING PAGE: GET / with {} and HTTP headers {}
REQUESTING PAGE: GET /dashboard with {} and HTTP headers {}
REQUESTING PAGE: GET /profile with {} and HTTP headers {"HTTP_REFERER"=>"/dashboard"}
REQUESTING PAGE: GET /listings with {} and HTTP headers {"HTTP_REFERER"=>"/profile"}
REQUESTING PAGE: GET / with {} and HTTP headers {}
REQUESTING PAGE: GET //signup with {} and HTTP headers {"HTTP_REFERER"=>"/"}
REQUESTING PAGE: GET /dashboard with {} and HTTP headers {}
REQUESTING PAGE: GET /profile with {} and HTTP headers {"HTTP_REFERER"=>"/dashboard"}
REQUESTING PAGE: GET /listings with {} and HTTP headers {"HTTP_REFERER"=>"/profile"}
REQUESTING PAGE: GET / with {} and HTTP headers {}
REQUESTING PAGE: GET /dashboard with {} and HTTP headers {}
REQUESTING PAGE: GET /profile with {} and HTTP headers {"HTTP_REFERER"=>"/dashboard"}
REQUESTING PAGE: GET /listings with {} and HTTP headers {"HTTP_REFERER"=>"/profile"}
REQUESTING PAGE: GET / with {} and HTTP headers {}
REQUESTING PAGE: GET /dashboard with {} and HTTP headers {}
REQUESTING PAGE: GET /profile with {} and HTTP headers {"HTTP_REFERER"=>"/dashboard"}
REQUESTING PAGE: GET /listings with {} and HTTP headers {"HTTP_REFERER"=>"/profile"}
REQUESTING PAGE: GET / with {} and HTTP headers {}
REQUESTING PAGE: GET /dashboard with {} and HTTP headers {}
REQUESTING PAGE: GET /profile with {} and HTTP headers {"HTTP_REFERER"=>"/dashboard"}
REQUESTING PAGE: GET /listings with {} and HTTP headers {"HTTP_REFERER"=>"/profile"}
REQUESTING PAGE: GET / with {} and HTTP headers {}
REQUESTING PAGE: GET /dashboard with {} and HTTP headers {}
REQUESTING PAGE: GET /profile with {} and HTTP headers {"HTTP_REFERER"=>"/dashboard"}
REQUESTING PAGE: GET /listings with {} and HTTP headers {"HTTP_REFERER"=>"/profile"}
REQUESTING PAGE: GET / with {} and HTTP headers {}
REQUESTING PAGE: GET /dashboard with {} and HTTP headers {}
REQUESTING PAGE: GET /profile with {} and HTTP headers {"HTTP_REFERER"=>"/dashboard"}
REQUESTING PAGE: GET /listings with {} and HTTP headers {"HTTP_REFERER"=>"/profile"}
REQUESTING PAGE: GET / with {} and HTTP headers {}
REQUESTING PAGE: GET //signup with {} and HTTP headers {"HTTP_REFERER"=>"/"}
REQUESTING PAGE: GET /dashboard with {} and HTTP headers {}
REQUESTING PAGE: GET /profile with {} and HTTP headers {"HTTP_REFERER"=>"/dashboard"}
REQUESTING PAGE: GET /listings with {} and HTTP headers {"HTTP_REFERER"=>"/profile"}
REQUESTING PAGE: GET / with {} and HTTP headers {}
REQUESTING PAGE: GET //signup with {} and HTTP headers {"HTTP_REFERER"=>"/"}
REQUESTING PAGE: GET /dashboard with {} and HTTP headers {}
REQUESTING PAGE: GET /profile with {} and HTTP headers {"HTTP_REFERER"=>"/dashboard"}
REQUESTING PAGE: GET /listings with {} and HTTP headers {"HTTP_REFERER"=>"/profile"}
REQUESTING PAGE: GET / with {} and HTTP headers {}
REQUESTING PAGE: GET //signup with {} and HTTP headers {"HTTP_REFERER"=>"/"}
REQUESTING PAGE: GET /dashboard with {} and HTTP headers {}
REQUESTING PAGE: GET /profile with {} and HTTP headers {"HTTP_REFERER"=>"/dashboard"}
REQUESTING PAGE: GET /listings with {} and HTTP headers {"HTTP_REFERER"=>"/profile"}
REQUESTING PAGE: GET / with {} and HTTP headers {}
REQUESTING PAGE: GET //signup with {} and HTTP headers {"HTTP_REFERER"=>"/"}
REQUESTING PAGE: GET /dashboard with {} and HTTP headers {}
REQUESTING PAGE: GET /profile with {} and HTTP headers {"HTTP_REFERER"=>"/dashboard"}
REQUESTING PAGE: GET /listings with {} and HTTP headers {"HTTP_REFERER"=>"/profile"}
REQUESTING PAGE: GET / with {} and HTTP headers {}
REQUESTING PAGE: GET //signup with {} and HTTP headers {"HTTP_REFERER"=>"/"}
REQUESTING PAGE: GET /dashboard with {} and HTTP headers {}
REQUESTING PAGE: GET /profile with {} and HTTP headers {"HTTP_REFERER"=>"/dashboard"}
REQUESTING PAGE: GET /listings with {} and HTTP headers {"HTTP_REFERER"=>"/profile"}
REQUESTING PAGE: GET / with {} and HTTP headers {}
REQUESTING PAGE: GET //signup with {} and HTTP headers {"HTTP_REFERER"=>"/"}
REQUESTING PAGE: GET /dashboard with {} and HTTP headers {}
REQUESTING PAGE: GET /profile with {} and HTTP headers {"HTTP_REFERER"=>"/dashboard"}
REQUESTING PAGE: GET /listings with {} and HTTP headers {"HTTP_REFERER"=>"/profile"}
REQUESTING PAGE: GET / with {} and HTTP headers {}
REQUESTING PAGE: GET /dashboard with {} and HTTP headers {}
REQUESTING PAGE: GET /profile with {} and HTTP headers {"HTTP_REFERER"=>"/dashboard"}
REQUESTING PAGE: GET /listings with {} and HTTP headers {"HTTP_REFERER"=>"/profile"}
REQUESTING PAGE: GET / with {} and HTTP headers {}
REQUESTING PAGE: GET / with {} and HTTP headers {"HTTP_REFERER"=>"/"}
REQUESTING PAGE: GET /dashboard with {} and HTTP headers {}
REQUESTING PAGE: GET /profile with {} and HTTP headers {"HTTP_REFERER"=>"/dashboard"}
REQUESTING PAGE: GET /listings with {} and HTTP headers {"HTTP_REFERER"=>"/profile"}
REQUESTING PAGE: GET / with {} and HTTP headers {}
REQUESTING PAGE: GET / with {} and HTTP headers {"HTTP_REFERER"=>"/"}
REQUESTING PAGE: GET /dashboard with {} and HTTP headers {}
REQUESTING PAGE: GET /profile with {} and HTTP headers {"HTTP_REFERER"=>"/dashboard"}
REQUESTING PAGE: GET /listings with {} and HTTP headers {"HTTP_REFERER"=>"/profile"}
REQUESTING PAGE: GET / with {} and HTTP headers {}
REQUESTING PAGE: GET / with {} and HTTP headers {"HTTP_REFERER"=>"/"}
REQUESTING PAGE: GET /dashboard with {} and HTTP headers {}
REQUESTING PAGE: GET /profile with {} and HTTP headers {"HTTP_REFERER"=>"/dashboard"}
REQUESTING PAGE: GET /listings with {} and HTTP headers {"HTTP_REFERER"=>"/profile"}
REQUESTING PAGE: GET / with {} and HTTP headers {}
REQUESTING PAGE: GET / with {} and HTTP headers {"HTTP_REFERER"=>"/"}
REQUESTING PAGE: GET /dashboard with {} and HTTP headers {}
REQUESTING PAGE: GET /profile with {} and HTTP headers {"HTTP_REFERER"=>"/dashboard"}
REQUESTING PAGE: GET /listings with {} and HTTP headers {"HTTP_REFERER"=>"/profile"}
REQUESTING PAGE: GET / with {} and HTTP headers {}
REQUESTING PAGE: GET /dashboard with {} and HTTP headers {}
REQUESTING PAGE: GET /profile with {} and HTTP headers {"HTTP_REFERER"=>"/dashboard"}
REQUESTING PAGE: GET /listings with {} and HTTP headers {"HTTP_REFERER"=>"/profile"}
REQUESTING PAGE: GET / with {} and HTTP headers {}
REQUESTING PAGE: GET /dashboard with {} and HTTP headers {}
REQUESTING PAGE: GET /profile with {} and HTTP headers {"HTTP_REFERER"=>"/dashboard"}
REQUESTING PAGE: GET /listings with {} and HTTP headers {"HTTP_REFERER"=>"/profile"}
REQUESTING PAGE: GET / with {} and HTTP headers {}
REQUESTING PAGE: GET / with {} and HTTP headers {"HTTP_REFERER"=>"/"}
REQUESTING PAGE: GET /dashboard with {} and HTTP headers {}
REQUESTING PAGE: GET /profile with {} and HTTP headers {"HTTP_REFERER"=>"/dashboard"}
REQUESTING PAGE: GET /listings with {} and HTTP headers {"HTTP_REFERER"=>"/profile"}
REQUESTING PAGE: GET / with {} and HTTP headers {}
REQUESTING PAGE: GET //signup with {} and HTTP headers {"HTTP_REFERER"=>"/"}
REQUESTING PAGE: GET /dashboard with {} and HTTP headers {}
REQUESTING PAGE: GET /profile with {} and HTTP headers {"HTTP_REFERER"=>"/dashboard"}
REQUESTING PAGE: GET /listings with {} and HTTP headers {"HTTP_REFERER"=>"/profile"}
REQUESTING PAGE: GET / with {} and HTTP headers {}
REQUESTING PAGE: GET //signup with {} and HTTP headers {"HTTP_REFERER"=>"/"}
REQUESTING PAGE: GET /dashboard with {} and HTTP headers {}
REQUESTING PAGE: GET /profile with {} and HTTP headers {"HTTP_REFERER"=>"/dashboard"}
REQUESTING PAGE: GET /listings with {} and HTTP headers {"HTTP_REFERER"=>"/profile"}
REQUESTING PAGE: GET / with {} and HTTP headers {}
REQUESTING PAGE: GET //signup with {} and HTTP headers {"HTTP_REFERER"=>"/"}
REQUESTING PAGE: GET /dashboard with {} and HTTP headers {}
REQUESTING PAGE: GET /profile with {} and HTTP headers {"HTTP_REFERER"=>"/dashboard"}
REQUESTING PAGE: GET /listings with {} and HTTP headers {"HTTP_REFERER"=>"/profile"}
REQUESTING PAGE: GET / with {} and HTTP headers {}
REQUESTING PAGE: GET //signup with {} and HTTP headers {"HTTP_REFERER"=>"/"}
REQUESTING PAGE: GET /dashboard with {} and HTTP headers {}
REQUESTING PAGE: GET /profile with {} and HTTP headers {"HTTP_REFERER"=>"/dashboard"}
REQUESTING PAGE: GET /listings with {} and HTTP headers {"HTTP_REFERER"=>"/profile"}
REQUESTING PAGE: GET / with {} and HTTP headers {}
REQUESTING PAGE: GET /dashboard with {} and HTTP headers {}
REQUESTING PAGE: GET /profile with {} and HTTP headers {"HTTP_REFERER"=>"/dashboard"}
REQUESTING PAGE: GET /listings with {} and HTTP headers {"HTTP_REFERER"=>"/profile"}
REQUESTING PAGE: GET / with {} and HTTP headers {}
REQUESTING PAGE: GET //signup with {} and HTTP headers {"HTTP_REFERER"=>"/"}
REQUESTING PAGE: GET /dashboard with {} and HTTP headers {}
REQUESTING PAGE: GET /profile with {} and HTTP headers {"HTTP_REFERER"=>"/dashboard"}
REQUESTING PAGE: GET /listings with {} and HTTP headers {"HTTP_REFERER"=>"/profile"}
REQUESTING PAGE: GET / with {} and HTTP headers {}
REQUESTING PAGE: GET /dashboard with {} and HTTP headers {}
REQUESTING PAGE: GET /profile with {} and HTTP headers {"HTTP_REFERER"=>"/dashboard"}
REQUESTING PAGE: GET /listings with {} and HTTP headers {"HTTP_REFERER"=>"/profile"}
REQUESTING PAGE: GET / with {} and HTTP headers {}
REQUESTING PAGE: GET /dashboard with {} and HTTP headers {}
REQUESTING PAGE: GET /profile with {} and HTTP headers {"HTTP_REFERER"=>"/dashboard"}
REQUESTING PAGE: GET /listings with {} and HTTP headers {"HTTP_REFERER"=>"/profile"}
REQUESTING PAGE: GET / with {} and HTTP headers {}
REQUESTING PAGE: GET /dashboard with {} and HTTP headers {}
REQUESTING PAGE: GET /profile with {} and HTTP headers {"HTTP_REFERER"=>"/dashboard"}
REQUESTING PAGE: GET /listings with {} and HTTP headers {"HTTP_REFERER"=>"/profile"}
REQUESTING PAGE: GET / with {} and HTTP headers {}
REQUESTING PAGE: GET //signup with {} and HTTP headers {"HTTP_REFERER"=>"/"}
REQUESTING PAGE: GET /dashboard with {} and HTTP headers {}
REQUESTING PAGE: GET /profile with {} and HTTP headers {"HTTP_REFERER"=>"/dashboard"}
REQUESTING PAGE: GET /listings with {} and HTTP headers {"HTTP_REFERER"=>"/profile"}
REQUESTING PAGE: GET / with {} and HTTP headers {}
REQUESTING PAGE: GET /dashboard with {} and HTTP headers {}
REQUESTING PAGE: GET /profile with {} and HTTP headers {"HTTP_REFERER"=>"/dashboard"}
REQUESTING PAGE: GET /listings with {} and HTTP headers {"HTTP_REFERER"=>"/profile"}
REQUESTING PAGE: GET / with {} and HTTP headers {}
REQUESTING PAGE: GET //signup with {} and HTTP headers {"HTTP_REFERER"=>"/"}
REQUESTING PAGE: GET /dashboard with {} and HTTP headers {}
REQUESTING PAGE: GET /profile with {} and HTTP headers {"HTTP_REFERER"=>"/dashboard"}
REQUESTING PAGE: GET /listings with {} and HTTP headers {"HTTP_REFERER"=>"/profile"}
REQUESTING PAGE: GET / with {} and HTTP headers {}
REQUESTING PAGE: GET //signup with {} and HTTP headers {"HTTP_REFERER"=>"/"}
REQUESTING PAGE: GET / with {} and HTTP headers {}
REQUESTING PAGE: GET //signup with {} and HTTP headers {"HTTP_REFERER"=>"/"}
REQUESTING PAGE: GET / with {} and HTTP headers {}
REQUESTING PAGE: GET //signup with {} and HTTP headers {"HTTP_REFERER"=>"/"}
REQUESTING PAGE: GET / with {} and HTTP headers {}
REQUESTING PAGE: GET / with {} and HTTP headers {"HTTP_REFERER"=>"/"}
REQUESTING PAGE: GET / with {} and HTTP headers {}
REQUESTING PAGE: GET //signup with {} and HTTP headers {"HTTP_REFERER"=>"/"}
REQUESTING PAGE: GET / with {} and HTTP headers {}
REQUESTING PAGE: GET / with {} and HTTP headers {"HTTP_REFERER"=>"/"}
REQUESTING PAGE: GET / with {} and HTTP headers {}
REQUESTING PAGE: GET //signup with {} and HTTP headers {"HTTP_REFERER"=>"/"}
REQUESTING PAGE: GET / with {} and HTTP headers {}
REQUESTING PAGE: GET / with {} and HTTP headers {"HTTP_REFERER"=>"/"}
REQUESTING PAGE: GET / with {} and HTTP headers {}
REQUESTING PAGE: GET //signup with {} and HTTP headers {"HTTP_REFERER"=>"/"}
REQUESTING PAGE: GET / with {} and HTTP headers {}
REQUESTING PAGE: GET / with {} and HTTP headers {"HTTP_REFERER"=>"/"}
REQUESTING PAGE: GET / with {} and HTTP headers {}
REQUESTING PAGE: GET //signup with {} and HTTP headers {"HTTP_REFERER"=>"/"}
REQUESTING PAGE: GET / with {} and HTTP headers {}
REQUESTING PAGE: GET / with {} and HTTP headers {"HTTP_REFERER"=>"/"}
REQUESTING PAGE: GET /dashboard with {} and HTTP headers {}
REQUESTING PAGE: GET /profile with {} and HTTP headers {"HTTP_REFERER"=>"/dashboard"}
REQUESTING PAGE: GET /listings with {} and HTTP headers {"HTTP_REFERER"=>"/profile"}
REQUESTING PAGE: GET / with {} and HTTP headers {}
REQUESTING PAGE: GET / with {} and HTTP headers {"HTTP_REFERER"=>"/"}
REQUESTING PAGE: GET /dashboard with {} and HTTP headers {}
REQUESTING PAGE: GET /profile with {} and HTTP headers {"HTTP_REFERER"=>"/dashboard"}
REQUESTING PAGE: GET /listings with {} and HTTP headers {"HTTP_REFERER"=>"/profile"}
REQUESTING PAGE: GET / with {} and HTTP headers {}
REQUESTING PAGE: GET //signup with {} and HTTP headers {"HTTP_REFERER"=>"/"}
REQUESTING PAGE: GET /dashboard with {} and HTTP headers {}
REQUESTING PAGE: GET /profile with {} and HTTP headers {"HTTP_REFERER"=>"/dashboard"}
REQUESTING PAGE: GET /listings with {} and HTTP headers {"HTTP_REFERER"=>"/profile"}
REQUESTING PAGE: GET / with {} and HTTP headers {}
REQUESTING PAGE: GET //signup with {} and HTTP headers {"HTTP_REFERER"=>"/"}
REQUESTING PAGE: GET /dashboard with {} and HTTP headers {}
REQUESTING PAGE: GET / with {} and HTTP headers {}
REQUESTING PAGE: GET //signup with {} and HTTP headers {"HTTP_REFERER"=>"/"}
REQUESTING PAGE: GET /dashboard with {} and HTTP headers {}
REQUESTING PAGE: GET /profile with {} and HTTP headers {"HTTP_REFERER"=>"/dashboard"}
REQUESTING PAGE: GET /listings with {} and HTTP headers {"HTTP_REFERER"=>"/profile"}
REQUESTING PAGE: GET / with {} and HTTP headers {}
REQUESTING PAGE: GET //signup with {} and HTTP headers {"HTTP_REFERER"=>"/"}
REQUESTING PAGE: GET /dashboard with {} and HTTP headers {}
REQUESTING PAGE: GET /profile with {} and HTTP headers {"HTTP_REFERER"=>"/dashboard"}
REQUESTING PAGE: GET /listings with {} and HTTP headers {"HTTP_REFERER"=>"/profile"}
REQUESTING PAGE: GET / with {} and HTTP headers {}
REQUESTING PAGE: GET //signup with {} and HTTP headers {"HTTP_REFERER"=>"/"}
REQUESTING PAGE: GET /dashboard with {} and HTTP headers {}
REQUESTING PAGE: GET /profile with {} and HTTP headers {"HTTP_REFERER"=>"/dashboard"}
REQUESTING PAGE: GET /listings with {} and HTTP headers {"HTTP_REFERER"=>"/profile"}
REQUESTING PAGE: GET / with {} and HTTP headers {}
REQUESTING PAGE: GET //signup with {} and HTTP headers {"HTTP_REFERER"=>"/"}
REQUESTING PAGE: GET /dashboard with {} and HTTP headers {}
REQUESTING PAGE: GET /profile with {} and HTTP headers {"HTTP_REFERER"=>"/dashboard"}
REQUESTING PAGE: GET /listings with {} and HTTP headers {"HTTP_REFERER"=>"/profile"}
REQUESTING PAGE: GET / with {} and HTTP headers {}
REQUESTING PAGE: GET //signup with {} and HTTP headers {"HTTP_REFERER"=>"/"}
REQUESTING PAGE: GET /dashboard with {} and HTTP headers {}
REQUESTING PAGE: GET /profile with {} and HTTP headers {"HTTP_REFERER"=>"/dashboard"}
REQUESTING PAGE: GET /listings with {} and HTTP headers {"HTTP_REFERER"=>"/profile"}
REQUESTING PAGE: GET / with {} and HTTP headers {}
REQUESTING PAGE: GET //signup with {} and HTTP headers {"HTTP_REFERER"=>"/"}
REQUESTING PAGE: GET /dashboard with {} and HTTP headers {}
REQUESTING PAGE: GET /profile with {} and HTTP headers {"HTTP_REFERER"=>"/dashboard"}
REQUESTING PAGE: GET /listings with {} and HTTP headers {"HTTP_REFERER"=>"/profile"}
REQUESTING PAGE: GET / with {} and HTTP headers {}
REQUESTING PAGE: GET //signup with {} and HTTP headers {"HTTP_REFERER"=>"/"}
REQUESTING PAGE: GET /dashboard with {} and HTTP headers {}
REQUESTING PAGE: GET /profile with {} and HTTP headers {"HTTP_REFERER"=>"/dashboard"}
REQUESTING PAGE: GET /listings with {} and HTTP headers {"HTTP_REFERER"=>"/profile"}
REQUESTING PAGE: GET / with {} and HTTP headers {}
REQUESTING PAGE: GET //signup with {} and HTTP headers {"HTTP_REFERER"=>"/"}
REQUESTING PAGE: GET /dashboard with {} and HTTP headers {}
REQUESTING PAGE: GET /profile with {} and HTTP headers {"HTTP_REFERER"=>"/dashboard"}
REQUESTING PAGE: GET /listings with {} and HTTP headers {"HTTP_REFERER"=>"/profile"}
REQUESTING PAGE: GET / with {} and HTTP headers {}
REQUESTING PAGE: GET //signup with {} and HTTP headers {"HTTP_REFERER"=>"/"}
REQUESTING PAGE: GET / with {} and HTTP headers {}
REQUESTING PAGE: GET //signup with {} and HTTP headers {"HTTP_REFERER"=>"/"}
REQUESTING PAGE: GET / with {} and HTTP headers {}
REQUESTING PAGE: GET //signup with {} and HTTP headers {"HTTP_REFERER"=>"/"}
REQUESTING PAGE: GET / with {} and HTTP headers {}
REQUESTING PAGE: GET / with {} and HTTP headers {}
REQUESTING PAGE: GET / with {} and HTTP headers {}
REQUESTING PAGE: GET / with {} and HTTP headers {}
REQUESTING PAGE: GET / with {} and HTTP headers {}
REQUESTING PAGE: GET //dashboard with {} and HTTP headers {"HTTP_REFERER"=>"/"}
REQUESTING PAGE: GET / with {} and HTTP headers {}
REQUESTING PAGE: GET //dashboard with {} and HTTP headers {"HTTP_REFERER"=>"/"}
REQUESTING PAGE: GET / with {} and HTTP headers {}
REQUESTING PAGE: GET //dashboard with {} and HTTP headers {"HTTP_REFERER"=>"/"}
REQUESTING PAGE: GET / with {} and HTTP headers {}
REQUESTING PAGE: GET //dashboard with {} and HTTP headers {"HTTP_REFERER"=>"/"}
REQUESTING PAGE: GET /dashboard with {} and HTTP headers {}
REQUESTING PAGE: GET /profile with {} and HTTP headers {"HTTP_REFERER"=>"/dashboard"}
REQUESTING PAGE: GET /listings with {} and HTTP headers {"HTTP_REFERER"=>"/profile"}
REQUESTING PAGE: GET / with {} and HTTP headers {}
REQUESTING PAGE: GET //signup with {} and HTTP headers {"HTTP_REFERER"=>"/"}
REQUESTING PAGE: GET /dashboard with {} and HTTP headers {}
REQUESTING PAGE: GET /profile with {} and HTTP headers {"HTTP_REFERER"=>"/dashboard"}
REQUESTING PAGE: GET /listings with {} and HTTP headers {"HTTP_REFERER"=>"/profile"}
REQUESTING PAGE: GET / with {} and HTTP headers {}
REQUESTING PAGE: GET //signup with {} and HTTP headers {"HTTP_REFERER"=>"/"}
REQUESTING PAGE: GET /dashboard with {} and HTTP headers {}
REQUESTING PAGE: GET /profile with {} and HTTP headers {"HTTP_REFERER"=>"/dashboard"}
REQUESTING PAGE: GET /listings with {} and HTTP headers {"HTTP_REFERER"=>"/profile"}
REQUESTING PAGE: GET / with {} and HTTP headers {}
REQUESTING PAGE: GET //signup with {} and HTTP headers {"HTTP_REFERER"=>"/"}
REQUESTING PAGE: GET /dashboard with {} and HTTP headers {}
REQUESTING PAGE: GET /profile with {} and HTTP headers {"HTTP_REFERER"=>"/dashboard"}
REQUESTING PAGE: GET /listings with {} and HTTP headers {"HTTP_REFERER"=>"/profile"}
REQUESTING PAGE: GET / with {} and HTTP headers {}
REQUESTING PAGE: GET //signup with {} and HTTP headers {"HTTP_REFERER"=>"/"}
REQUESTING PAGE: GET /dashboard with {} and HTTP headers {}
REQUESTING PAGE: GET /profile with {} and HTTP headers {"HTTP_REFERER"=>"/dashboard"}
REQUESTING PAGE: GET /listings with {} and HTTP headers {"HTTP_REFERER"=>"/profile"}
REQUESTING PAGE: GET / with {} and HTTP headers {}
REQUESTING PAGE: GET /dashboard with {} and HTTP headers {}
REQUESTING PAGE: GET /profile with {} and HTTP headers {"HTTP_REFERER"=>"/dashboard"}
REQUESTING PAGE: GET /listings with {} and HTTP headers {"HTTP_REFERER"=>"/profile"}
REQUESTING PAGE: GET / with {} and HTTP headers {}
REQUESTING PAGE: GET //signup_path with {} and HTTP headers {"HTTP_REFERER"=>"/"}
REQUESTING PAGE: GET /dashboard with {} and HTTP headers {}
REQUESTING PAGE: GET /profile with {} and HTTP headers {"HTTP_REFERER"=>"/dashboard"}
REQUESTING PAGE: GET /listings with {} and HTTP headers {"HTTP_REFERER"=>"/profile"}
REQUESTING PAGE: GET / with {} and HTTP headers {}
REQUESTING PAGE: GET //signup with {} and HTTP headers {"HTTP_REFERER"=>"/"}
REQUESTING PAGE: GET /dashboard with {} and HTTP headers {}
REQUESTING PAGE: GET /profile with {} and HTTP headers {"HTTP_REFERER"=>"/dashboard"}
REQUESTING PAGE: GET /listings with {} and HTTP headers {"HTTP_REFERER"=>"/profile"}
REQUESTING PAGE: GET / with {} and HTTP headers {}
REQUESTING PAGE: GET //signup with {} and HTTP headers {"HTTP_REFERER"=>"/"}
REQUESTING PAGE: GET /dashboard with {} and HTTP headers {}
REQUESTING PAGE: GET /profile with {} and HTTP headers {"HTTP_REFERER"=>"/dashboard"}
REQUESTING PAGE: GET /listings with {} and HTTP headers {"HTTP_REFERER"=>"/profile"}
REQUESTING PAGE: GET / with {} and HTTP headers {}
REQUESTING PAGE: GET //signup with {} and HTTP headers {"HTTP_REFERER"=>"/"}
REQUESTING PAGE: GET /dashboard with {} and HTTP headers {}
REQUESTING PAGE: GET /profile with {} and HTTP headers {"HTTP_REFERER"=>"/dashboard"}
REQUESTING PAGE: GET /listings with {} and HTTP headers {"HTTP_REFERER"=>"/profile"}
REQUESTING PAGE: GET / with {} and HTTP headers {}
REQUESTING PAGE: GET //signup with {} and HTTP headers {"HTTP_REFERER"=>"/"}
REQUESTING PAGE: GET /dashboard with {} and HTTP headers {}
REQUESTING PAGE: GET /profile with {} and HTTP headers {"HTTP_REFERER"=>"/dashboard"}
REQUESTING PAGE: GET /listings with {} and HTTP headers {"HTTP_REFERER"=>"/profile"}
REQUESTING PAGE: GET / with {} and HTTP headers {}
REQUESTING PAGE: GET //signup with {} and HTTP headers {"HTTP_REFERER"=>"/"}
REQUESTING PAGE: GET /dashboard with {} and HTTP headers {}
REQUESTING PAGE: GET /profile with {} and HTTP headers {"HTTP_REFERER"=>"/dashboard"}
REQUESTING PAGE: GET /listings with {} and HTTP headers {"HTTP_REFERER"=>"/profile"}
REQUESTING PAGE: GET / with {} and HTTP headers {}
REQUESTING PAGE: GET //signup with {} and HTTP headers {"HTTP_REFERER"=>"/"}
REQUESTING PAGE: GET /dashboard with {} and HTTP headers {}
REQUESTING PAGE: GET /profile with {} and HTTP headers {"HTTP_REFERER"=>"/dashboard"}
REQUESTING PAGE: GET /listings with {} and HTTP headers {"HTTP_REFERER"=>"/profile"}
REQUESTING PAGE: GET / with {} and HTTP headers {}
REQUESTING PAGE: GET //signup with {} and HTTP headers {"HTTP_REFERER"=>"/"}
REQUESTING PAGE: GET /dashboard with {} and HTTP headers {}
REQUESTING PAGE: GET /profile with {} and HTTP headers {"HTTP_REFERER"=>"/dashboard"}
REQUESTING PAGE: GET /listings with {} and HTTP headers {"HTTP_REFERER"=>"/profile"}
